[debug] [2026-03-10T15:11:59.780Z] ----------------------------------------------------------------------
[debug] [2026-03-10T15:11:59.784Z] Command:       /nix/store/ws50yvm6vzlzf7jzz6n7xh4szddrack1-nodejs-20.19.1/bin/node /nix/store/gm9mcvzb17vv8cla08khrg29vxn3sq4r-firebase-tools-15.1.0/lib/node_modules/firebase-tools/lib/bin/firebase.js deploy --only apphosting
[debug] [2026-03-10T15:11:59.785Z] CLI Version:   15.1.0
[debug] [2026-03-10T15:11:59.785Z] Platform:      linux
[debug] [2026-03-10T15:11:59.786Z] Node Version:  v20.19.1
[debug] [2026-03-10T15:11:59.786Z] Time:          Tue Mar 10 2026 15:11:59 GMT+0000 (Coordinated Universal Time)
[debug] [2026-03-10T15:11:59.786Z] ----------------------------------------------------------------------
[debug] 
[debug] [2026-03-10T15:11:59.790Z] >>> [apiv2][query] GET https://firebase-public.firebaseio.com/cli.json [none]
[debug] [2026-03-10T15:12:03.207Z] Object "/apphosting" in "firebase.json" is missing required property: {"missingProperty":"backendId"}
[debug] [2026-03-10T15:12:03.207Z] Field "/apphosting" in "firebase.json" is possibly invalid: must be array
[debug] [2026-03-10T15:12:03.208Z] Field "/apphosting" in "firebase.json" is possibly invalid: must match a schema in anyOf
[debug] [2026-03-10T15:12:03.210Z] No OAuth tokens found
[debug] [2026-03-10T15:12:03.210Z] No OAuth tokens found
[error] Failed to fetch Firebase Project from current Studio Workspace: Unable to refresh auth: not yet authenticated.
[debug] [2026-03-10T15:12:03.217Z] > command requires scopes: ["email","openid","https://www.googleapis.com/auth/cloudplatformprojects.readonly","https://www.googleapis.com/auth/firebase","https://www.googleapis.com/auth/cloud-platform","https://www.googleapis.com/auth/userinfo.email"]
[debug] [2026-03-10T15:12:03.553Z] <<< [apiv2][status] GET https://firebase-public.firebaseio.com/cli.json 200
[debug] [2026-03-10T15:12:03.555Z] <<< [apiv2][body] GET https://firebase-public.firebaseio.com/cli.json {"cloudBuildErrorAfter":1594252800000,"cloudBuildWarnAfter":1590019200000,"defaultNode10After":1594252800000,"minVersion":"3.0.5","node8DeploysDisabledAfter":1613390400000,"node8RuntimeDisabledAfter":1615809600000,"node8WarnAfter":1600128000000}
[debug] [2026-03-10T15:12:13.019Z] Running auto auth
[debug] [2026-03-10T15:12:13.049Z] [iam] checking project ecosystem-hub for permissions ["firebase.projects.get",null]
[debug] [2026-03-10T15:12:13.050Z] No OAuth tokens found
[debug] [2026-03-10T15:12:13.050Z] >>> [apiv2][query] POST https://cloudresourcemanager.googleapis.com/v1/projects/ecosystem-hub:testIamPermissions [none]
[debug] [2026-03-10T15:12:13.050Z] >>> [apiv2][(partial)header] POST https://cloudresourcemanager.googleapis.com/v1/projects/ecosystem-hub:testIamPermissions x-goog-quota-user=projects/ecosystem-hub
[debug] [2026-03-10T15:12:13.051Z] >>> [apiv2][body] POST https://cloudresourcemanager.googleapis.com/v1/projects/ecosystem-hub:testIamPermissions {"permissions":["firebase.projects.get",null]}
[debug] [2026-03-10T15:12:13.978Z] <<< [apiv2][status] POST https://cloudresourcemanager.googleapis.com/v1/projects/ecosystem-hub:testIamPermissions 200
[debug] [2026-03-10T15:12:13.978Z] <<< [apiv2][body] POST https://cloudresourcemanager.googleapis.com/v1/projects/ecosystem-hub:testIamPermissions {"permissions":["firebase.projects.get"]}
[debug] [2026-03-10T15:12:13.978Z] [iam] error while checking permissions, command may fail: Authorization failed. This account is missing the following required permissions on project ecosystem-hub:

  
[info] 
[info] === Deploying to 'ecosystem-hub'...
[info] 
[info] i  deploying apphosting 
[debug] [2026-03-10T15:12:13.989Z] No OAuth tokens found
[debug] [2026-03-10T15:12:13.991Z] >>> [apiv2][query] GET https://serviceusage.googleapis.com/v1/projects/ecosystem-hub/services/firebaseapphosting.googleapis.com [none]
[debug] [2026-03-10T15:12:13.992Z] >>> [apiv2][(partial)header] GET https://serviceusage.googleapis.com/v1/projects/ecosystem-hub/services/firebaseapphosting.googleapis.com x-goog-quota-user=projects/ecosystem-hub
[debug] [2026-03-10T15:12:15.016Z] <<< [apiv2][status] GET https://serviceusage.googleapis.com/v1/projects/ecosystem-hub/services/firebaseapphosting.googleapis.com 200
[debug] [2026-03-10T15:12:15.020Z] <<< [apiv2][body] GET https://serviceusage.googleapis.com/v1/projects/ecosystem-hub/services/firebaseapphosting.googleapis.com [omitted]
[debug] [2026-03-10T15:12:15.028Z] No OAuth tokens found
[debug] [2026-03-10T15:12:15.030Z] No OAuth tokens found
[debug] [2026-03-10T15:12:15.031Z] No OAuth tokens found
[debug] [2026-03-10T15:12:15.031Z] No OAuth tokens found
[debug] [2026-03-10T15:12:15.031Z] No OAuth tokens found
[debug] [2026-03-10T15:12:15.032Z] No OAuth tokens found
[debug] [2026-03-10T15:12:15.032Z] >>> [apiv2][query] GET https://serviceusage.googleapis.com/v1/projects/ecosystem-hub/services/developerconnect.googleapis.com [none]
[debug] [2026-03-10T15:12:15.032Z] >>> [apiv2][(partial)header] GET https://serviceusage.googleapis.com/v1/projects/ecosystem-hub/services/developerconnect.googleapis.com x-goog-quota-user=projects/ecosystem-hub
[debug] [2026-03-10T15:12:15.033Z] >>> [apiv2][query] GET https://serviceusage.googleapis.com/v1/projects/ecosystem-hub/services/cloudbuild.googleapis.com [none]
[debug] [2026-03-10T15:12:15.033Z] >>> [apiv2][(partial)header] GET https://serviceusage.googleapis.com/v1/projects/ecosystem-hub/services/cloudbuild.googleapis.com x-goog-quota-user=projects/ecosystem-hub
[debug] [2026-03-10T15:12:15.035Z] >>> [apiv2][query] GET https://serviceusage.googleapis.com/v1/projects/ecosystem-hub/services/secretmanager.googleapis.com [none]
[debug] [2026-03-10T15:12:15.035Z] >>> [apiv2][(partial)header] GET https://serviceusage.googleapis.com/v1/projects/ecosystem-hub/services/secretmanager.googleapis.com x-goog-quota-user=projects/ecosystem-hub
[debug] [2026-03-10T15:12:15.038Z] >>> [apiv2][query] GET https://serviceusage.googleapis.com/v1/projects/ecosystem-hub/services/run.googleapis.com [none]
[debug] [2026-03-10T15:12:15.038Z] >>> [apiv2][(partial)header] GET https://serviceusage.googleapis.com/v1/projects/ecosystem-hub/services/run.googleapis.com x-goog-quota-user=projects/ecosystem-hub
[debug] [2026-03-10T15:12:15.040Z] >>> [apiv2][query] GET https://serviceusage.googleapis.com/v1/projects/ecosystem-hub/services/artifactregistry.googleapis.com [none]
[debug] [2026-03-10T15:12:15.040Z] >>> [apiv2][(partial)header] GET https://serviceusage.googleapis.com/v1/projects/ecosystem-hub/services/artifactregistry.googleapis.com x-goog-quota-user=projects/ecosystem-hub
[debug] [2026-03-10T15:12:15.041Z] >>> [apiv2][query] GET https://serviceusage.googleapis.com/v1/projects/ecosystem-hub/services/iam.googleapis.com [none]
[debug] [2026-03-10T15:12:15.041Z] >>> [apiv2][(partial)header] GET https://serviceusage.googleapis.com/v1/projects/ecosystem-hub/services/iam.googleapis.com x-goog-quota-user=projects/ecosystem-hub
[debug] [2026-03-10T15:12:15.889Z] <<< [apiv2][status] GET https://serviceusage.googleapis.com/v1/projects/ecosystem-hub/services/secretmanager.googleapis.com 200
[debug] [2026-03-10T15:12:15.889Z] <<< [apiv2][body] GET https://serviceusage.googleapis.com/v1/projects/ecosystem-hub/services/secretmanager.googleapis.com [omitted]
[debug] [2026-03-10T15:12:15.919Z] <<< [apiv2][status] GET https://serviceusage.googleapis.com/v1/projects/ecosystem-hub/services/developerconnect.googleapis.com 200
[debug] [2026-03-10T15:12:15.920Z] <<< [apiv2][body] GET https://serviceusage.googleapis.com/v1/projects/ecosystem-hub/services/developerconnect.googleapis.com [omitted]
[debug] [2026-03-10T15:12:15.923Z] No OAuth tokens found
[debug] [2026-03-10T15:12:15.923Z] >>> [apiv2][query] POST https://serviceusage.googleapis.com/v1/projects/ecosystem-hub/services/developerconnect.googleapis.com:enable [none]
[debug] [2026-03-10T15:12:15.923Z] >>> [apiv2][(partial)header] POST https://serviceusage.googleapis.com/v1/projects/ecosystem-hub/services/developerconnect.googleapis.com:enable x-goog-quota-user=projects/ecosystem-hub
[debug] [2026-03-10T15:12:15.932Z] <<< [apiv2][status] GET https://serviceusage.googleapis.com/v1/projects/ecosystem-hub/services/cloudbuild.googleapis.com 200
[debug] [2026-03-10T15:12:15.932Z] <<< [apiv2][body] GET https://serviceusage.googleapis.com/v1/projects/ecosystem-hub/services/cloudbuild.googleapis.com [omitted]
[debug] [2026-03-10T15:12:15.956Z] <<< [apiv2][status] GET https://serviceusage.googleapis.com/v1/projects/ecosystem-hub/services/artifactregistry.googleapis.com 200
[debug] [2026-03-10T15:12:15.963Z] <<< [apiv2][body] GET https://serviceusage.googleapis.com/v1/projects/ecosystem-hub/services/artifactregistry.googleapis.com [omitted]
[debug] [2026-03-10T15:12:15.975Z] <<< [apiv2][status] GET https://serviceusage.googleapis.com/v1/projects/ecosystem-hub/services/run.googleapis.com 200
[debug] [2026-03-10T15:12:15.975Z] <<< [apiv2][body] GET https://serviceusage.googleapis.com/v1/projects/ecosystem-hub/services/run.googleapis.com [omitted]
[debug] [2026-03-10T15:12:15.994Z] <<< [apiv2][status] GET https://serviceusage.googleapis.com/v1/projects/ecosystem-hub/services/iam.googleapis.com 200
[debug] [2026-03-10T15:12:15.997Z] <<< [apiv2][body] GET https://serviceusage.googleapis.com/v1/projects/ecosystem-hub/services/iam.googleapis.com [omitted]
[debug] [2026-03-10T15:12:16.863Z] <<< [apiv2][status] POST https://serviceusage.googleapis.com/v1/projects/ecosystem-hub/services/developerconnect.googleapis.com:enable 200
[debug] [2026-03-10T15:12:16.863Z] <<< [apiv2][body] POST https://serviceusage.googleapis.com/v1/projects/ecosystem-hub/services/developerconnect.googleapis.com:enable [omitted]
[debug] [2026-03-10T15:12:26.880Z] No OAuth tokens found
[debug] [2026-03-10T15:12:26.881Z] >>> [apiv2][query] POST https://iam.googleapis.com/v1/projects/ecosystem-hub/serviceAccounts/firebase-app-hosting-compute@ecosystem-hub.iam.gserviceaccount.com:testIamPermissions [none]
[debug] [2026-03-10T15:12:26.881Z] >>> [apiv2][(partial)header] POST https://iam.googleapis.com/v1/projects/ecosystem-hub/serviceAccounts/firebase-app-hosting-compute@ecosystem-hub.iam.gserviceaccount.com:testIamPermissions x-goog-quota-user=projects/ecosystem-hub
[debug] [2026-03-10T15:12:26.881Z] >>> [apiv2][body] POST https://iam.googleapis.com/v1/projects/ecosystem-hub/serviceAccounts/firebase-app-hosting-compute@ecosystem-hub.iam.gserviceaccount.com:testIamPermissions {"permissions":["iam.serviceAccounts.actAs"]}
[debug] [2026-03-10T15:12:27.842Z] <<< [apiv2][status] POST https://iam.googleapis.com/v1/projects/ecosystem-hub/serviceAccounts/firebase-app-hosting-compute@ecosystem-hub.iam.gserviceaccount.com:testIamPermissions 404
[debug] [2026-03-10T15:12:27.842Z] <<< [apiv2][body] POST https://iam.googleapis.com/v1/projects/ecosystem-hub/serviceAccounts/firebase-app-hosting-compute@ecosystem-hub.iam.gserviceaccount.com:testIamPermissions {"error":{"code":404,"message":"Unknown service account","status":"NOT_FOUND"}}
[debug] [2026-03-10T15:12:27.857Z] No OAuth tokens found
[debug] [2026-03-10T15:12:27.858Z] >>> [apiv2][query] POST https://iam.googleapis.com/v1/projects/ecosystem-hub/serviceAccounts [none]
[debug] [2026-03-10T15:12:27.858Z] >>> [apiv2][body] POST https://iam.googleapis.com/v1/projects/ecosystem-hub/serviceAccounts {"accountId":"firebase-app-hosting-compute","serviceAccount":{"displayName":"Firebase App Hosting compute service account","description":"Default service account used to run builds and deploys for Firebase App Hosting"}}
[debug] [2026-03-10T15:12:28.391Z] <<< [apiv2][status] POST https://iam.googleapis.com/v1/projects/ecosystem-hub/serviceAccounts 200
[debug] [2026-03-10T15:12:28.392Z] <<< [apiv2][body] POST https://iam.googleapis.com/v1/projects/ecosystem-hub/serviceAccounts [omitted]
[debug] [2026-03-10T15:12:28.393Z] No OAuth tokens found
[debug] [2026-03-10T15:12:28.393Z] >>> [apiv2][query] POST https://cloudresourcemanager.googleapis.com/v1/projects/ecosystem-hub:getIamPolicy [none]
[debug] [2026-03-10T15:12:28.705Z] <<< [apiv2][status] POST https://cloudresourcemanager.googleapis.com/v1/projects/ecosystem-hub:getIamPolicy 200
[debug] [2026-03-10T15:12:28.705Z] <<< [apiv2][body] POST https://cloudresourcemanager.googleapis.com/v1/projects/ecosystem-hub:getIamPolicy {"version":1,"etag":"BwZMQzJwE7s=","bindings":[{"role":"roles/accessapproval.viewer","members":["user:charleskramer2211@gmail.com"]},{"role":"roles/cloudaicompanion.serviceAgent","members":["serviceAccount:service-204859518196@gcp-sa-cloudaicompanion.iam.gserviceaccount.com"]},{"role":"roles/cloudbuild.builds.builder","members":["serviceAccount:204859518196@cloudbuild.gserviceaccount.com"]},{"role":"roles/cloudbuild.serviceAgent","members":["serviceAccount:service-204859518196@gcp-sa-cloudbuild.iam.gserviceaccount.com"]},{"role":"roles/containeranalysis.ServiceAgent","members":["serviceAccount:service-204859518196@container-analysis.iam.gserviceaccount.com"]},{"role":"roles/containerregistry.ServiceAgent","members":["serviceAccount:service-204859518196@containerregistry.iam.gserviceaccount.com"]},{"role":"roles/datastore.importExportAdmin","members":["serviceAccount:ecosystem-hub-backend@ecosystem-hub.iam.gserviceaccount.com"]},{"role":"roles/datastore.user","members":["serviceAccount:ecosystem-hub-backend@ecosystem-hub.iam.gserviceaccount.com"]},{"role":"roles/editor","members":["serviceAccount:204859518196@cloudservices.gserviceaccount.com"]},{"role":"roles/firebase.admin","members":["serviceAccount:204859518196-compute@developer.gserviceaccount.com","serviceAccount:204859518196@cloudbuild.gserviceaccount.com"]},{"role":"roles/firebase.managementServiceAgent","members":["serviceAccount:service-204859518196@gcp-sa-firebase.iam.gserviceaccount.com"]},{"role":"roles/firebase.sdkAdminServiceAgent","members":["serviceAccount:firebase-adminsdk-fbsvc@ecosystem-hub.iam.gserviceaccount.com"]},{"role":"roles/firebaseappcheck.admin","members":["serviceAccount:firebase-adminsdk-fbsvc@ecosystem-hub.iam.gserviceaccount.com"]},{"role":"roles/firebaseauth.admin","members":["serviceAccount:firebase-adminsdk-fbsvc@ecosystem-hub.iam.gserviceaccount.com"]},{"role":"roles/firebasedatabase.admin","members":["serviceAccount:firebase-adminsdk-fbsvc@ecosystem-hub.iam.gserviceaccount.com"]},{"role":"roles/firebasemods.serviceAgent","members":["serviceAccount:service-204859518196@gcp-sa-firebasemods.iam.gserviceaccount.com"]},{"role":"roles/firebaserules.system","members":["serviceAccount:service-204859518196@firebase-rules.iam.gserviceaccount.com"]},{"role":"roles/firebasestorage.serviceAgent","members":["serviceAccount:service-204859518196@gcp-sa-firebasestorage.iam.gserviceaccount.com"]},{"role":"roles/firestore.serviceAgent","members":["serviceAccount:service-204859518196@gcp-sa-firestore.iam.gserviceaccount.com"]},{"role":"roles/iam.serviceAccountTokenCreator","members":["serviceAccount:firebase-adminsdk-fbsvc@ecosystem-hub.iam.gserviceaccount.com"]},{"role":"roles/iam.serviceAccountUser","members":["serviceAccount:204859518196@cloudbuild.gserviceaccount.com","serviceAccount:ecosystem-hub-backend@ecosystem-hub.iam.gserviceaccount.com","serviceAccount:firebase-adminsdk-fbsvc@ecosystem-hub.iam.gserviceaccount.com"]},{"role":"roles/logging.configWriter","members":["serviceAccount:204859518196@cloudbuild.gserviceaccount.com"]},{"role":"roles/logging.logWriter","members":["serviceAccount:204859518196-compute@developer.gserviceaccount.com"]},{"role":"roles/owner","members":["user:mkoton100@gmail.com"]},{"role":"roles/run.admin","members":["serviceAccount:204859518196@cloudbuild.gserviceaccount.com"]},{"role":"roles/run.serviceAgent","members":["serviceAccount:service-204859518196@serverless-robot-prod.iam.gserviceaccount.com"]},{"role":"roles/serviceusage.serviceUsageConsumer","members":["serviceAccount:firebase-adminsdk-fbsvc@ecosystem-hub.iam.gserviceaccount.com"]},{"role":"roles/storage.admin","members":["serviceAccount:204859518196-compute@developer.gserviceaccount.com","serviceAccount:204859518196@cloudbuild.gserviceaccount.com","serviceAccount:ecosystem-hub-backend@ecosystem-hub.iam.gserviceaccount.com","serviceAccount:firebase-adminsdk-fbsvc@ecosystem-hub.iam.gserviceaccount.com"]},{"role":"roles/storage.objectAdmin","members":["serviceAccount:ecosystem-hub-backend@ecosystem-hub.iam.gserviceaccount.com"]},{"role":"roles/viewer","members":["user:farrelk007@gmail.com"]}]}
[debug] [2026-03-10T15:12:28.707Z] No OAuth tokens found
[debug] [2026-03-10T15:12:28.707Z] >>> [apiv2][query] POST https://cloudresourcemanager.googleapis.com/v1/projects/ecosystem-hub:setIamPolicy [none]
[debug] [2026-03-10T15:12:28.707Z] >>> [apiv2][body] POST https://cloudresourcemanager.googleapis.com/v1/projects/ecosystem-hub:setIamPolicy {"policy":{"version":1,"etag":"BwZMQzJwE7s=","bindings":[{"role":"roles/accessapproval.viewer","members":["user:charleskramer2211@gmail.com"]},{"role":"roles/cloudaicompanion.serviceAgent","members":["serviceAccount:service-204859518196@gcp-sa-cloudaicompanion.iam.gserviceaccount.com"]},{"role":"roles/cloudbuild.builds.builder","members":["serviceAccount:204859518196@cloudbuild.gserviceaccount.com"]},{"role":"roles/cloudbuild.serviceAgent","members":["serviceAccount:service-204859518196@gcp-sa-cloudbuild.iam.gserviceaccount.com"]},{"role":"roles/containeranalysis.ServiceAgent","members":["serviceAccount:service-204859518196@container-analysis.iam.gserviceaccount.com"]},{"role":"roles/containerregistry.ServiceAgent","members":["serviceAccount:service-204859518196@containerregistry.iam.gserviceaccount.com"]},{"role":"roles/datastore.importExportAdmin","members":["serviceAccount:ecosystem-hub-backend@ecosystem-hub.iam.gserviceaccount.com"]},{"role":"roles/datastore.user","members":["serviceAccount:ecosystem-hub-backend@ecosystem-hub.iam.gserviceaccount.com"]},{"role":"roles/editor","members":["serviceAccount:204859518196@cloudservices.gserviceaccount.com"]},{"role":"roles/firebase.admin","members":["serviceAccount:204859518196-compute@developer.gserviceaccount.com","serviceAccount:204859518196@cloudbuild.gserviceaccount.com"]},{"role":"roles/firebase.managementServiceAgent","members":["serviceAccount:service-204859518196@gcp-sa-firebase.iam.gserviceaccount.com"]},{"role":"roles/firebase.sdkAdminServiceAgent","members":["serviceAccount:firebase-adminsdk-fbsvc@ecosystem-hub.iam.gserviceaccount.com","serviceAccount:firebase-app-hosting-compute@ecosystem-hub.iam.gserviceaccount.com"]},{"role":"roles/firebaseappcheck.admin","members":["serviceAccount:firebase-adminsdk-fbsvc@ecosystem-hub.iam.gserviceaccount.com"]},{"role":"roles/firebaseauth.admin","members":["serviceAccount:firebase-adminsdk-fbsvc@ecosystem-hub.iam.gserviceaccount.com"]},{"role":"roles/firebasedatabase.admin","members":["serviceAccount:firebase-adminsdk-fbsvc@ecosystem-hub.iam.gserviceaccount.com"]},{"role":"roles/firebasemods.serviceAgent","members":["serviceAccount:service-204859518196@gcp-sa-firebasemods.iam.gserviceaccount.com"]},{"role":"roles/firebaserules.system","members":["serviceAccount:service-204859518196@firebase-rules.iam.gserviceaccount.com"]},{"role":"roles/firebasestorage.serviceAgent","members":["serviceAccount:service-204859518196@gcp-sa-firebasestorage.iam.gserviceaccount.com"]},{"role":"roles/firestore.serviceAgent","members":["serviceAccount:service-204859518196@gcp-sa-firestore.iam.gserviceaccount.com"]},{"role":"roles/iam.serviceAccountTokenCreator","members":["serviceAccount:firebase-adminsdk-fbsvc@ecosystem-hub.iam.gserviceaccount.com"]},{"role":"roles/iam.serviceAccountUser","members":["serviceAccount:204859518196@cloudbuild.gserviceaccount.com","serviceAccount:ecosystem-hub-backend@ecosystem-hub.iam.gserviceaccount.com","serviceAccount:firebase-adminsdk-fbsvc@ecosystem-hub.iam.gserviceaccount.com"]},{"role":"roles/logging.configWriter","members":["serviceAccount:204859518196@cloudbuild.gserviceaccount.com"]},{"role":"roles/logging.logWriter","members":["serviceAccount:204859518196-compute@developer.gserviceaccount.com"]},{"role":"roles/owner","members":["user:mkoton100@gmail.com"]},{"role":"roles/run.admin","members":["serviceAccount:204859518196@cloudbuild.gserviceaccount.com"]},{"role":"roles/run.serviceAgent","members":["serviceAccount:service-204859518196@serverless-robot-prod.iam.gserviceaccount.com"]},{"role":"roles/serviceusage.serviceUsageConsumer","members":["serviceAccount:firebase-adminsdk-fbsvc@ecosystem-hub.iam.gserviceaccount.com"]},{"role":"roles/storage.admin","members":["serviceAccount:204859518196-compute@developer.gserviceaccount.com","serviceAccount:204859518196@cloudbuild.gserviceaccount.com","serviceAccount:ecosystem-hub-backend@ecosystem-hub.iam.gserviceaccount.com","serviceAccount:firebase-adminsdk-fbsvc@ecosystem-hub.iam.gserviceaccount.com"]},{"role":"roles/storage.objectAdmin","members":["serviceAccount:ecosystem-hub-backend@ecosystem-hub.iam.gserviceaccount.com"]},{"role":"roles/viewer","members":["user:farrelk007@gmail.com"]},{"role":"roles/firebaseapphosting.computeRunner","members":["serviceAccount:firebase-app-hosting-compute@ecosystem-hub.iam.gserviceaccount.com"]},{"role":"roles/developerconnect.readTokenAccessor","members":["serviceAccount:firebase-app-hosting-compute@ecosystem-hub.iam.gserviceaccount.com"]},{"role":"roles/storage.objectViewer","members":["serviceAccount:firebase-app-hosting-compute@ecosystem-hub.iam.gserviceaccount.com"]}]},"updateMask":"bindings"}
[debug] [2026-03-10T15:12:30.141Z] <<< [apiv2][status] POST https://cloudresourcemanager.googleapis.com/v1/projects/ecosystem-hub:setIamPolicy 200
[debug] [2026-03-10T15:12:30.142Z] <<< [apiv2][body] POST https://cloudresourcemanager.googleapis.com/v1/projects/ecosystem-hub:setIamPolicy {"version":1,"etag":"BwZMrPKxNZI=","bindings":[{"role":"roles/accessapproval.viewer","members":["user:charleskramer2211@gmail.com"]},{"role":"roles/cloudaicompanion.serviceAgent","members":["serviceAccount:service-204859518196@gcp-sa-cloudaicompanion.iam.gserviceaccount.com"]},{"role":"roles/cloudbuild.builds.builder","members":["serviceAccount:204859518196@cloudbuild.gserviceaccount.com"]},{"role":"roles/cloudbuild.serviceAgent","members":["serviceAccount:service-204859518196@gcp-sa-cloudbuild.iam.gserviceaccount.com"]},{"role":"roles/containeranalysis.ServiceAgent","members":["serviceAccount:service-204859518196@container-analysis.iam.gserviceaccount.com"]},{"role":"roles/containerregistry.ServiceAgent","members":["serviceAccount:service-204859518196@containerregistry.iam.gserviceaccount.com"]},{"role":"roles/datastore.importExportAdmin","members":["serviceAccount:ecosystem-hub-backend@ecosystem-hub.iam.gserviceaccount.com"]},{"role":"roles/datastore.user","members":["serviceAccount:ecosystem-hub-backend@ecosystem-hub.iam.gserviceaccount.com"]},{"role":"roles/developerconnect.readTokenAccessor","members":["serviceAccount:firebase-app-hosting-compute@ecosystem-hub.iam.gserviceaccount.com"]},{"role":"roles/editor","members":["serviceAccount:204859518196@cloudservices.gserviceaccount.com"]},{"role":"roles/firebase.admin","members":["serviceAccount:204859518196-compute@developer.gserviceaccount.com","serviceAccount:204859518196@cloudbuild.gserviceaccount.com"]},{"role":"roles/firebase.managementServiceAgent","members":["serviceAccount:service-204859518196@gcp-sa-firebase.iam.gserviceaccount.com"]},{"role":"roles/firebase.sdkAdminServiceAgent","members":["serviceAccount:firebase-adminsdk-fbsvc@ecosystem-hub.iam.gserviceaccount.com","serviceAccount:firebase-app-hosting-compute@ecosystem-hub.iam.gserviceaccount.com"]},{"role":"roles/firebaseappcheck.admin","members":["serviceAccount:firebase-adminsdk-fbsvc@ecosystem-hub.iam.gserviceaccount.com"]},{"role":"roles/firebaseapphosting.computeRunner","members":["serviceAccount:firebase-app-hosting-compute@ecosystem-hub.iam.gserviceaccount.com"]},{"role":"roles/firebaseauth.admin","members":["serviceAccount:firebase-adminsdk-fbsvc@ecosystem-hub.iam.gserviceaccount.com"]},{"role":"roles/firebasedatabase.admin","members":["serviceAccount:firebase-adminsdk-fbsvc@ecosystem-hub.iam.gserviceaccount.com"]},{"role":"roles/firebasemods.serviceAgent","members":["serviceAccount:service-204859518196@gcp-sa-firebasemods.iam.gserviceaccount.com"]},{"role":"roles/firebaserules.system","members":["serviceAccount:service-204859518196@firebase-rules.iam.gserviceaccount.com"]},{"role":"roles/firebasestorage.serviceAgent","members":["serviceAccount:service-204859518196@gcp-sa-firebasestorage.iam.gserviceaccount.com"]},{"role":"roles/firestore.serviceAgent","members":["serviceAccount:service-204859518196@gcp-sa-firestore.iam.gserviceaccount.com"]},{"role":"roles/iam.serviceAccountTokenCreator","members":["serviceAccount:firebase-adminsdk-fbsvc@ecosystem-hub.iam.gserviceaccount.com"]},{"role":"roles/iam.serviceAccountUser","members":["serviceAccount:204859518196@cloudbuild.gserviceaccount.com","serviceAccount:ecosystem-hub-backend@ecosystem-hub.iam.gserviceaccount.com","serviceAccount:firebase-adminsdk-fbsvc@ecosystem-hub.iam.gserviceaccount.com"]},{"role":"roles/logging.configWriter","members":["serviceAccount:204859518196@cloudbuild.gserviceaccount.com"]},{"role":"roles/logging.logWriter","members":["serviceAccount:204859518196-compute@developer.gserviceaccount.com"]},{"role":"roles/owner","members":["user:mkoton100@gmail.com"]},{"role":"roles/run.admin","members":["serviceAccount:204859518196@cloudbuild.gserviceaccount.com"]},{"role":"roles/run.serviceAgent","members":["serviceAccount:service-204859518196@serverless-robot-prod.iam.gserviceaccount.com"]},{"role":"roles/serviceusage.serviceUsageConsumer","members":["serviceAccount:firebase-adminsdk-fbsvc@ecosystem-hub.iam.gserviceaccount.com"]},{"role":"roles/storage.admin","members":["serviceAccount:204859518196-compute@developer.gserviceaccount.com","serviceAccount:204859518196@cloudbuild.gserviceaccount.com","serviceAccount:ecosystem-hub-backend@ecosystem-hub.iam.gserviceaccount.com","serviceAccount:firebase-adminsdk-fbsvc@ecosystem-hub.iam.gserviceaccount.com"]},{"role":"roles/storage.objectAdmin","members":["serviceAccount:ecosystem-hub-backend@ecosystem-hub.iam.gserviceaccount.com"]},{"role":"roles/storage.objectViewer","members":["serviceAccount:firebase-app-hosting-compute@ecosystem-hub.iam.gserviceaccount.com"]},{"role":"roles/viewer","members":["user:farrelk007@gmail.com"]}]}
[debug] [2026-03-10T15:12:30.143Z] No OAuth tokens found
[debug] [2026-03-10T15:12:30.143Z] >>> [apiv2][query] GET https://firebaseapphosting.googleapis.com/v1beta/projects/ecosystem-hub/locations/-/backends 
[debug] [2026-03-10T15:12:30.604Z] <<< [apiv2][status] GET https://firebaseapphosting.googleapis.com/v1beta/projects/ecosystem-hub/locations/-/backends 200
[debug] [2026-03-10T15:12:30.604Z] <<< [apiv2][body] GET https://firebaseapphosting.googleapis.com/v1beta/projects/ecosystem-hub/locations/-/backends {}
[debug] [2026-03-10T15:12:49.514Z] TypeError: Cannot read properties of undefined (reading 'name')
    at /nix/store/gm9mcvzb17vv8cla08khrg29vxn3sq4r-firebase-tools-15.1.0/lib/node_modules/firebase-tools/node_modules/@inquirer/checkbox/dist/commonjs/index.js:51:29
    at Array.map (<anonymous>)
    at normalizeChoices (/nix/store/gm9mcvzb17vv8cla08khrg29vxn3sq4r-firebase-tools-15.1.0/lib/node_modules/firebase-tools/node_modules/@inquirer/checkbox/dist/commonjs/index.js:39:20)
    at /nix/store/gm9mcvzb17vv8cla08khrg29vxn3sq4r-firebase-tools-15.1.0/lib/node_modules/firebase-tools/node_modules/@inquirer/checkbox/dist/commonjs/index.js:69:52
    at /nix/store/gm9mcvzb17vv8cla08khrg29vxn3sq4r-firebase-tools-15.1.0/lib/node_modules/firebase-tools/node_modules/@inquirer/core/dist/commonjs/lib/create-prompt.js:113:38
    at store.handleChange (/nix/store/gm9mcvzb17vv8cla08khrg29vxn3sq4r-firebase-tools-15.1.0/lib/node_modules/firebase-tools/node_modules/@inquirer/core/dist/commonjs/lib/hook-engine.js:31:17)
    at cycle (/nix/store/gm9mcvzb17vv8cla08khrg29vxn3sq4r-firebase-tools-15.1.0/lib/node_modules/firebase-tools/node_modules/@inquirer/core/dist/commonjs/lib/hook-engine.js:33:19)
    at /nix/store/gm9mcvzb17vv8cla08khrg29vxn3sq4r-firebase-tools-15.1.0/lib/node_modules/firebase-tools/node_modules/@inquirer/core/dist/commonjs/lib/create-prompt.js:111:13
    at /nix/store/gm9mcvzb17vv8cla08khrg29vxn3sq4r-firebase-tools-15.1.0/lib/node_modules/firebase-tools/node_modules/@inquirer/core/dist/commonjs/lib/hook-engine.js:35:16
    at AsyncLocalStorage.run (node:async_hooks:346:14)
[error] 
[error] Error: An unexpected error has occurred.
[debug] [2026-03-10T15:21:27.776Z] ----------------------------------------------------------------------
[debug] [2026-03-10T15:21:27.779Z] Command:       /nix/store/ws50yvm6vzlzf7jzz6n7xh4szddrack1-nodejs-20.19.1/bin/node /nix/store/gm9mcvzb17vv8cla08khrg29vxn3sq4r-firebase-tools-15.1.0/lib/node_modules/firebase-tools/lib/bin/firebase.js deploy --only apphosting
[debug] [2026-03-10T15:21:27.780Z] CLI Version:   15.1.0
[debug] [2026-03-10T15:21:27.780Z] Platform:      linux
[debug] [2026-03-10T15:21:27.780Z] Node Version:  v20.19.1
[debug] [2026-03-10T15:21:27.780Z] Time:          Tue Mar 10 2026 15:21:27 GMT+0000 (Coordinated Universal Time)
[debug] [2026-03-10T15:21:27.780Z] ----------------------------------------------------------------------
[debug] 
[debug] [2026-03-10T15:21:29.731Z] Object "/apphosting" in "firebase.json" is missing required property: {"missingProperty":"backendId"}
[debug] [2026-03-10T15:21:29.732Z] Field "/apphosting" in "firebase.json" is possibly invalid: must be array
[debug] [2026-03-10T15:21:29.732Z] Field "/apphosting" in "firebase.json" is possibly invalid: must match a schema in anyOf
[debug] [2026-03-10T15:21:29.735Z] No OAuth tokens found
[debug] [2026-03-10T15:21:29.735Z] No OAuth tokens found
[error] Failed to fetch Firebase Project from current Studio Workspace: Unable to refresh auth: not yet authenticated.
[debug] [2026-03-10T15:21:29.741Z] > command requires scopes: ["email","openid","https://www.googleapis.com/auth/cloudplatformprojects.readonly","https://www.googleapis.com/auth/firebase","https://www.googleapis.com/auth/cloud-platform","https://www.googleapis.com/auth/userinfo.email"]
[debug] [2026-03-10T15:21:29.741Z] > authorizing via signed-in user (mkoton100@gmail.com)
[debug] [2026-03-10T15:21:29.741Z] [iam] checking project ecosystem-hub for permissions ["firebase.projects.get",null]
[debug] [2026-03-10T15:21:29.742Z] No OAuth tokens found
[debug] [2026-03-10T15:21:29.742Z] No OAuth tokens found
[debug] [2026-03-10T15:21:29.743Z] > command requires scopes: ["email","openid","https://www.googleapis.com/auth/cloudplatformprojects.readonly","https://www.googleapis.com/auth/firebase","https://www.googleapis.com/auth/cloud-platform","https://www.googleapis.com/auth/userinfo.email"]
[debug] [2026-03-10T15:21:29.743Z] > authorizing via signed-in user (mkoton100@gmail.com)
[debug] [2026-03-10T15:21:29.744Z] >>> [apiv2][query] POST https://cloudresourcemanager.googleapis.com/v1/projects/ecosystem-hub:testIamPermissions [none]
[debug] [2026-03-10T15:21:29.744Z] >>> [apiv2][(partial)header] POST https://cloudresourcemanager.googleapis.com/v1/projects/ecosystem-hub:testIamPermissions x-goog-quota-user=projects/ecosystem-hub
[debug] [2026-03-10T15:21:29.745Z] >>> [apiv2][body] POST https://cloudresourcemanager.googleapis.com/v1/projects/ecosystem-hub:testIamPermissions {"permissions":["firebase.projects.get",null]}
[debug] [2026-03-10T15:21:30.648Z] <<< [apiv2][status] POST https://cloudresourcemanager.googleapis.com/v1/projects/ecosystem-hub:testIamPermissions 200
[debug] [2026-03-10T15:21:30.649Z] <<< [apiv2][body] POST https://cloudresourcemanager.googleapis.com/v1/projects/ecosystem-hub:testIamPermissions {"permissions":["firebase.projects.get"]}
[debug] [2026-03-10T15:21:30.649Z] [iam] error while checking permissions, command may fail: Authorization failed. This account is missing the following required permissions on project ecosystem-hub:

  
[info] 
[info] === Deploying to 'ecosystem-hub'...
[info] 
[info] i  deploying apphosting 
[debug] [2026-03-10T15:21:30.668Z] No OAuth tokens found
[debug] [2026-03-10T15:21:30.668Z] No OAuth tokens found
[debug] [2026-03-10T15:21:30.668Z] > command requires scopes: ["email","openid","https://www.googleapis.com/auth/cloudplatformprojects.readonly","https://www.googleapis.com/auth/firebase","https://www.googleapis.com/auth/cloud-platform","https://www.googleapis.com/auth/userinfo.email"]
[debug] [2026-03-10T15:21:30.668Z] > authorizing via signed-in user (mkoton100@gmail.com)
[debug] [2026-03-10T15:21:30.669Z] >>> [apiv2][query] POST https://iam.googleapis.com/v1/projects/ecosystem-hub/serviceAccounts/firebase-app-hosting-compute@ecosystem-hub.iam.gserviceaccount.com:testIamPermissions [none]
[debug] [2026-03-10T15:21:30.669Z] >>> [apiv2][(partial)header] POST https://iam.googleapis.com/v1/projects/ecosystem-hub/serviceAccounts/firebase-app-hosting-compute@ecosystem-hub.iam.gserviceaccount.com:testIamPermissions x-goog-quota-user=projects/ecosystem-hub
[debug] [2026-03-10T15:21:30.669Z] >>> [apiv2][body] POST https://iam.googleapis.com/v1/projects/ecosystem-hub/serviceAccounts/firebase-app-hosting-compute@ecosystem-hub.iam.gserviceaccount.com:testIamPermissions {"permissions":["iam.serviceAccounts.actAs"]}
[debug] [2026-03-10T15:21:31.621Z] <<< [apiv2][status] POST https://iam.googleapis.com/v1/projects/ecosystem-hub/serviceAccounts/firebase-app-hosting-compute@ecosystem-hub.iam.gserviceaccount.com:testIamPermissions 200
[debug] [2026-03-10T15:21:31.621Z] <<< [apiv2][body] POST https://iam.googleapis.com/v1/projects/ecosystem-hub/serviceAccounts/firebase-app-hosting-compute@ecosystem-hub.iam.gserviceaccount.com:testIamPermissions {"permissions":["iam.serviceAccounts.actAs"]}
[debug] [2026-03-10T15:21:31.622Z] No OAuth tokens found
[debug] [2026-03-10T15:21:31.624Z] No OAuth tokens found
[debug] [2026-03-10T15:21:31.624Z] > command requires scopes: ["email","openid","https://www.googleapis.com/auth/cloudplatformprojects.readonly","https://www.googleapis.com/auth/firebase","https://www.googleapis.com/auth/cloud-platform","https://www.googleapis.com/auth/userinfo.email"]
[debug] [2026-03-10T15:21:31.624Z] > authorizing via signed-in user (mkoton100@gmail.com)
[debug] [2026-03-10T15:21:31.625Z] >>> [apiv2][query] POST https://iam.googleapis.com/v1/projects/ecosystem-hub/serviceAccounts [none]
[debug] [2026-03-10T15:21:31.625Z] >>> [apiv2][body] POST https://iam.googleapis.com/v1/projects/ecosystem-hub/serviceAccounts {"accountId":"firebase-app-hosting-compute","serviceAccount":{"displayName":"Firebase App Hosting compute service account","description":"Default service account used to run builds and deploys for Firebase App Hosting"}}
[debug] [2026-03-10T15:21:32.644Z] <<< [apiv2][status] POST https://iam.googleapis.com/v1/projects/ecosystem-hub/serviceAccounts 409
[debug] [2026-03-10T15:21:32.644Z] <<< [apiv2][body] POST https://iam.googleapis.com/v1/projects/ecosystem-hub/serviceAccounts [omitted]
[debug] [2026-03-10T15:21:32.648Z] No OAuth tokens found
[debug] [2026-03-10T15:21:32.649Z] No OAuth tokens found
[debug] [2026-03-10T15:21:32.649Z] > command requires scopes: ["email","openid","https://www.googleapis.com/auth/cloudplatformprojects.readonly","https://www.googleapis.com/auth/firebase","https://www.googleapis.com/auth/cloud-platform","https://www.googleapis.com/auth/userinfo.email"]
[debug] [2026-03-10T15:21:32.649Z] > authorizing via signed-in user (mkoton100@gmail.com)
[debug] [2026-03-10T15:21:32.651Z] >>> [apiv2][query] POST https://cloudresourcemanager.googleapis.com/v1/projects/ecosystem-hub:getIamPolicy [none]
[debug] [2026-03-10T15:21:32.906Z] <<< [apiv2][status] POST https://cloudresourcemanager.googleapis.com/v1/projects/ecosystem-hub:getIamPolicy 200
[debug] [2026-03-10T15:21:32.906Z] <<< [apiv2][body] POST https://cloudresourcemanager.googleapis.com/v1/projects/ecosystem-hub:getIamPolicy {"version":1,"etag":"BwZMrPKxNZI=","bindings":[{"role":"roles/accessapproval.viewer","members":["user:charleskramer2211@gmail.com"]},{"role":"roles/cloudaicompanion.serviceAgent","members":["serviceAccount:service-204859518196@gcp-sa-cloudaicompanion.iam.gserviceaccount.com"]},{"role":"roles/cloudbuild.builds.builder","members":["serviceAccount:204859518196@cloudbuild.gserviceaccount.com"]},{"role":"roles/cloudbuild.serviceAgent","members":["serviceAccount:service-204859518196@gcp-sa-cloudbuild.iam.gserviceaccount.com"]},{"role":"roles/containeranalysis.ServiceAgent","members":["serviceAccount:service-204859518196@container-analysis.iam.gserviceaccount.com"]},{"role":"roles/containerregistry.ServiceAgent","members":["serviceAccount:service-204859518196@containerregistry.iam.gserviceaccount.com"]},{"role":"roles/datastore.importExportAdmin","members":["serviceAccount:ecosystem-hub-backend@ecosystem-hub.iam.gserviceaccount.com"]},{"role":"roles/datastore.user","members":["serviceAccount:ecosystem-hub-backend@ecosystem-hub.iam.gserviceaccount.com"]},{"role":"roles/developerconnect.readTokenAccessor","members":["serviceAccount:firebase-app-hosting-compute@ecosystem-hub.iam.gserviceaccount.com"]},{"role":"roles/editor","members":["serviceAccount:204859518196@cloudservices.gserviceaccount.com"]},{"role":"roles/firebase.admin","members":["serviceAccount:204859518196-compute@developer.gserviceaccount.com","serviceAccount:204859518196@cloudbuild.gserviceaccount.com"]},{"role":"roles/firebase.managementServiceAgent","members":["serviceAccount:service-204859518196@gcp-sa-firebase.iam.gserviceaccount.com"]},{"role":"roles/firebase.sdkAdminServiceAgent","members":["serviceAccount:firebase-adminsdk-fbsvc@ecosystem-hub.iam.gserviceaccount.com","serviceAccount:firebase-app-hosting-compute@ecosystem-hub.iam.gserviceaccount.com"]},{"role":"roles/firebaseappcheck.admin","members":["serviceAccount:firebase-adminsdk-fbsvc@ecosystem-hub.iam.gserviceaccount.com"]},{"role":"roles/firebaseapphosting.computeRunner","members":["serviceAccount:firebase-app-hosting-compute@ecosystem-hub.iam.gserviceaccount.com"]},{"role":"roles/firebaseauth.admin","members":["serviceAccount:firebase-adminsdk-fbsvc@ecosystem-hub.iam.gserviceaccount.com"]},{"role":"roles/firebasedatabase.admin","members":["serviceAccount:firebase-adminsdk-fbsvc@ecosystem-hub.iam.gserviceaccount.com"]},{"role":"roles/firebasemods.serviceAgent","members":["serviceAccount:service-204859518196@gcp-sa-firebasemods.iam.gserviceaccount.com"]},{"role":"roles/firebaserules.system","members":["serviceAccount:service-204859518196@firebase-rules.iam.gserviceaccount.com"]},{"role":"roles/firebasestorage.serviceAgent","members":["serviceAccount:service-204859518196@gcp-sa-firebasestorage.iam.gserviceaccount.com"]},{"role":"roles/firestore.serviceAgent","members":["serviceAccount:service-204859518196@gcp-sa-firestore.iam.gserviceaccount.com"]},{"role":"roles/iam.serviceAccountTokenCreator","members":["serviceAccount:firebase-adminsdk-fbsvc@ecosystem-hub.iam.gserviceaccount.com"]},{"role":"roles/iam.serviceAccountUser","members":["serviceAccount:204859518196@cloudbuild.gserviceaccount.com","serviceAccount:ecosystem-hub-backend@ecosystem-hub.iam.gserviceaccount.com","serviceAccount:firebase-adminsdk-fbsvc@ecosystem-hub.iam.gserviceaccount.com"]},{"role":"roles/logging.configWriter","members":["serviceAccount:204859518196@cloudbuild.gserviceaccount.com"]},{"role":"roles/logging.logWriter","members":["serviceAccount:204859518196-compute@developer.gserviceaccount.com"]},{"role":"roles/owner","members":["user:mkoton100@gmail.com"]},{"role":"roles/run.admin","members":["serviceAccount:204859518196@cloudbuild.gserviceaccount.com"]},{"role":"roles/run.serviceAgent","members":["serviceAccount:service-204859518196@serverless-robot-prod.iam.gserviceaccount.com"]},{"role":"roles/serviceusage.serviceUsageConsumer","members":["serviceAccount:firebase-adminsdk-fbsvc@ecosystem-hub.iam.gserviceaccount.com"]},{"role":"roles/storage.admin","members":["serviceAccount:204859518196-compute@developer.gserviceaccount.com","serviceAccount:204859518196@cloudbuild.gserviceaccount.com","serviceAccount:ecosystem-hub-backend@ecosystem-hub.iam.gserviceaccount.com","serviceAccount:firebase-adminsdk-fbsvc@ecosystem-hub.iam.gserviceaccount.com"]},{"role":"roles/storage.objectAdmin","members":["serviceAccount:ecosystem-hub-backend@ecosystem-hub.iam.gserviceaccount.com"]},{"role":"roles/storage.objectViewer","members":["serviceAccount:firebase-app-hosting-compute@ecosystem-hub.iam.gserviceaccount.com"]},{"role":"roles/viewer","members":["user:farrelk007@gmail.com"]}]}
[debug] [2026-03-10T15:21:32.910Z] No OAuth tokens found
[debug] [2026-03-10T15:21:32.910Z] No OAuth tokens found
[debug] [2026-03-10T15:21:32.910Z] > command requires scopes: ["email","openid","https://www.googleapis.com/auth/cloudplatformprojects.readonly","https://www.googleapis.com/auth/firebase","https://www.googleapis.com/auth/cloud-platform","https://www.googleapis.com/auth/userinfo.email"]
[debug] [2026-03-10T15:21:32.911Z] > authorizing via signed-in user (mkoton100@gmail.com)
[debug] [2026-03-10T15:21:32.911Z] >>> [apiv2][query] POST https://cloudresourcemanager.googleapis.com/v1/projects/ecosystem-hub:setIamPolicy [none]
[debug] [2026-03-10T15:21:32.911Z] >>> [apiv2][body] POST https://cloudresourcemanager.googleapis.com/v1/projects/ecosystem-hub:setIamPolicy {"policy":{"version":1,"etag":"BwZMrPKxNZI=","bindings":[{"role":"roles/accessapproval.viewer","members":["user:charleskramer2211@gmail.com"]},{"role":"roles/cloudaicompanion.serviceAgent","members":["serviceAccount:service-204859518196@gcp-sa-cloudaicompanion.iam.gserviceaccount.com"]},{"role":"roles/cloudbuild.builds.builder","members":["serviceAccount:204859518196@cloudbuild.gserviceaccount.com"]},{"role":"roles/cloudbuild.serviceAgent","members":["serviceAccount:service-204859518196@gcp-sa-cloudbuild.iam.gserviceaccount.com"]},{"role":"roles/containeranalysis.ServiceAgent","members":["serviceAccount:service-204859518196@container-analysis.iam.gserviceaccount.com"]},{"role":"roles/containerregistry.ServiceAgent","members":["serviceAccount:service-204859518196@containerregistry.iam.gserviceaccount.com"]},{"role":"roles/datastore.importExportAdmin","members":["serviceAccount:ecosystem-hub-backend@ecosystem-hub.iam.gserviceaccount.com"]},{"role":"roles/datastore.user","members":["serviceAccount:ecosystem-hub-backend@ecosystem-hub.iam.gserviceaccount.com"]},{"role":"roles/developerconnect.readTokenAccessor","members":["serviceAccount:firebase-app-hosting-compute@ecosystem-hub.iam.gserviceaccount.com"]},{"role":"roles/editor","members":["serviceAccount:204859518196@cloudservices.gserviceaccount.com"]},{"role":"roles/firebase.admin","members":["serviceAccount:204859518196-compute@developer.gserviceaccount.com","serviceAccount:204859518196@cloudbuild.gserviceaccount.com"]},{"role":"roles/firebase.managementServiceAgent","members":["serviceAccount:service-204859518196@gcp-sa-firebase.iam.gserviceaccount.com"]},{"role":"roles/firebase.sdkAdminServiceAgent","members":["serviceAccount:firebase-adminsdk-fbsvc@ecosystem-hub.iam.gserviceaccount.com","serviceAccount:firebase-app-hosting-compute@ecosystem-hub.iam.gserviceaccount.com"]},{"role":"roles/firebaseappcheck.admin","members":["serviceAccount:firebase-adminsdk-fbsvc@ecosystem-hub.iam.gserviceaccount.com"]},{"role":"roles/firebaseapphosting.computeRunner","members":["serviceAccount:firebase-app-hosting-compute@ecosystem-hub.iam.gserviceaccount.com"]},{"role":"roles/firebaseauth.admin","members":["serviceAccount:firebase-adminsdk-fbsvc@ecosystem-hub.iam.gserviceaccount.com"]},{"role":"roles/firebasedatabase.admin","members":["serviceAccount:firebase-adminsdk-fbsvc@ecosystem-hub.iam.gserviceaccount.com"]},{"role":"roles/firebasemods.serviceAgent","members":["serviceAccount:service-204859518196@gcp-sa-firebasemods.iam.gserviceaccount.com"]},{"role":"roles/firebaserules.system","members":["serviceAccount:service-204859518196@firebase-rules.iam.gserviceaccount.com"]},{"role":"roles/firebasestorage.serviceAgent","members":["serviceAccount:service-204859518196@gcp-sa-firebasestorage.iam.gserviceaccount.com"]},{"role":"roles/firestore.serviceAgent","members":["serviceAccount:service-204859518196@gcp-sa-firestore.iam.gserviceaccount.com"]},{"role":"roles/iam.serviceAccountTokenCreator","members":["serviceAccount:firebase-adminsdk-fbsvc@ecosystem-hub.iam.gserviceaccount.com"]},{"role":"roles/iam.serviceAccountUser","members":["serviceAccount:204859518196@cloudbuild.gserviceaccount.com","serviceAccount:ecosystem-hub-backend@ecosystem-hub.iam.gserviceaccount.com","serviceAccount:firebase-adminsdk-fbsvc@ecosystem-hub.iam.gserviceaccount.com"]},{"role":"roles/logging.configWriter","members":["serviceAccount:204859518196@cloudbuild.gserviceaccount.com"]},{"role":"roles/logging.logWriter","members":["serviceAccount:204859518196-compute@developer.gserviceaccount.com"]},{"role":"roles/owner","members":["user:mkoton100@gmail.com"]},{"role":"roles/run.admin","members":["serviceAccount:204859518196@cloudbuild.gserviceaccount.com"]},{"role":"roles/run.serviceAgent","members":["serviceAccount:service-204859518196@serverless-robot-prod.iam.gserviceaccount.com"]},{"role":"roles/serviceusage.serviceUsageConsumer","members":["serviceAccount:firebase-adminsdk-fbsvc@ecosystem-hub.iam.gserviceaccount.com"]},{"role":"roles/storage.admin","members":["serviceAccount:204859518196-compute@developer.gserviceaccount.com","serviceAccount:204859518196@cloudbuild.gserviceaccount.com","serviceAccount:ecosystem-hub-backend@ecosystem-hub.iam.gserviceaccount.com","serviceAccount:firebase-adminsdk-fbsvc@ecosystem-hub.iam.gserviceaccount.com"]},{"role":"roles/storage.objectAdmin","members":["serviceAccount:ecosystem-hub-backend@ecosystem-hub.iam.gserviceaccount.com"]},{"role":"roles/storage.objectViewer","members":["serviceAccount:firebase-app-hosting-compute@ecosystem-hub.iam.gserviceaccount.com"]},{"role":"roles/viewer","members":["user:farrelk007@gmail.com"]}]},"updateMask":"bindings"}
[debug] [2026-03-10T15:21:34.234Z] <<< [apiv2][status] POST https://cloudresourcemanager.googleapis.com/v1/projects/ecosystem-hub:setIamPolicy 200
[debug] [2026-03-10T15:21:34.234Z] <<< [apiv2][body] POST https://cloudresourcemanager.googleapis.com/v1/projects/ecosystem-hub:setIamPolicy {"version":1,"etag":"BwZMrRMfVJs=","bindings":[{"role":"roles/accessapproval.viewer","members":["user:charleskramer2211@gmail.com"]},{"role":"roles/cloudaicompanion.serviceAgent","members":["serviceAccount:service-204859518196@gcp-sa-cloudaicompanion.iam.gserviceaccount.com"]},{"role":"roles/cloudbuild.builds.builder","members":["serviceAccount:204859518196@cloudbuild.gserviceaccount.com"]},{"role":"roles/cloudbuild.serviceAgent","members":["serviceAccount:service-204859518196@gcp-sa-cloudbuild.iam.gserviceaccount.com"]},{"role":"roles/containeranalysis.ServiceAgent","members":["serviceAccount:service-204859518196@container-analysis.iam.gserviceaccount.com"]},{"role":"roles/containerregistry.ServiceAgent","members":["serviceAccount:service-204859518196@containerregistry.iam.gserviceaccount.com"]},{"role":"roles/datastore.importExportAdmin","members":["serviceAccount:ecosystem-hub-backend@ecosystem-hub.iam.gserviceaccount.com"]},{"role":"roles/datastore.user","members":["serviceAccount:ecosystem-hub-backend@ecosystem-hub.iam.gserviceaccount.com"]},{"role":"roles/developerconnect.readTokenAccessor","members":["serviceAccount:firebase-app-hosting-compute@ecosystem-hub.iam.gserviceaccount.com"]},{"role":"roles/editor","members":["serviceAccount:204859518196@cloudservices.gserviceaccount.com"]},{"role":"roles/firebase.admin","members":["serviceAccount:204859518196-compute@developer.gserviceaccount.com","serviceAccount:204859518196@cloudbuild.gserviceaccount.com"]},{"role":"roles/firebase.managementServiceAgent","members":["serviceAccount:service-204859518196@gcp-sa-firebase.iam.gserviceaccount.com"]},{"role":"roles/firebase.sdkAdminServiceAgent","members":["serviceAccount:firebase-adminsdk-fbsvc@ecosystem-hub.iam.gserviceaccount.com","serviceAccount:firebase-app-hosting-compute@ecosystem-hub.iam.gserviceaccount.com"]},{"role":"roles/firebaseappcheck.admin","members":["serviceAccount:firebase-adminsdk-fbsvc@ecosystem-hub.iam.gserviceaccount.com"]},{"role":"roles/firebaseapphosting.computeRunner","members":["serviceAccount:firebase-app-hosting-compute@ecosystem-hub.iam.gserviceaccount.com"]},{"role":"roles/firebaseauth.admin","members":["serviceAccount:firebase-adminsdk-fbsvc@ecosystem-hub.iam.gserviceaccount.com"]},{"role":"roles/firebasedatabase.admin","members":["serviceAccount:firebase-adminsdk-fbsvc@ecosystem-hub.iam.gserviceaccount.com"]},{"role":"roles/firebasemods.serviceAgent","members":["serviceAccount:service-204859518196@gcp-sa-firebasemods.iam.gserviceaccount.com"]},{"role":"roles/firebaserules.system","members":["serviceAccount:service-204859518196@firebase-rules.iam.gserviceaccount.com"]},{"role":"roles/firebasestorage.serviceAgent","members":["serviceAccount:service-204859518196@gcp-sa-firebasestorage.iam.gserviceaccount.com"]},{"role":"roles/firestore.serviceAgent","members":["serviceAccount:service-204859518196@gcp-sa-firestore.iam.gserviceaccount.com"]},{"role":"roles/iam.serviceAccountTokenCreator","members":["serviceAccount:firebase-adminsdk-fbsvc@ecosystem-hub.iam.gserviceaccount.com"]},{"role":"roles/iam.serviceAccountUser","members":["serviceAccount:204859518196@cloudbuild.gserviceaccount.com","serviceAccount:ecosystem-hub-backend@ecosystem-hub.iam.gserviceaccount.com","serviceAccount:firebase-adminsdk-fbsvc@ecosystem-hub.iam.gserviceaccount.com"]},{"role":"roles/logging.configWriter","members":["serviceAccount:204859518196@cloudbuild.gserviceaccount.com"]},{"role":"roles/logging.logWriter","members":["serviceAccount:204859518196-compute@developer.gserviceaccount.com"]},{"role":"roles/owner","members":["user:mkoton100@gmail.com"]},{"role":"roles/run.admin","members":["serviceAccount:204859518196@cloudbuild.gserviceaccount.com"]},{"role":"roles/run.serviceAgent","members":["serviceAccount:service-204859518196@serverless-robot-prod.iam.gserviceaccount.com"]},{"role":"roles/serviceusage.serviceUsageConsumer","members":["serviceAccount:firebase-adminsdk-fbsvc@ecosystem-hub.iam.gserviceaccount.com"]},{"role":"roles/storage.admin","members":["serviceAccount:204859518196-compute@developer.gserviceaccount.com","serviceAccount:204859518196@cloudbuild.gserviceaccount.com","serviceAccount:ecosystem-hub-backend@ecosystem-hub.iam.gserviceaccount.com","serviceAccount:firebase-adminsdk-fbsvc@ecosystem-hub.iam.gserviceaccount.com"]},{"role":"roles/storage.objectAdmin","members":["serviceAccount:ecosystem-hub-backend@ecosystem-hub.iam.gserviceaccount.com"]},{"role":"roles/storage.objectViewer","members":["serviceAccount:firebase-app-hosting-compute@ecosystem-hub.iam.gserviceaccount.com"]},{"role":"roles/viewer","members":["user:farrelk007@gmail.com"]}]}
[debug] [2026-03-10T15:21:34.235Z] No OAuth tokens found
[debug] [2026-03-10T15:21:34.237Z] No OAuth tokens found
[debug] [2026-03-10T15:21:34.238Z] > command requires scopes: ["email","openid","https://www.googleapis.com/auth/cloudplatformprojects.readonly","https://www.googleapis.com/auth/firebase","https://www.googleapis.com/auth/cloud-platform","https://www.googleapis.com/auth/userinfo.email"]
[debug] [2026-03-10T15:21:34.238Z] > authorizing via signed-in user (mkoton100@gmail.com)
[debug] [2026-03-10T15:21:34.239Z] >>> [apiv2][query] GET https://firebaseapphosting.googleapis.com/v1beta/projects/ecosystem-hub/locations/-/backends 
[debug] [2026-03-10T15:21:34.681Z] <<< [apiv2][status] GET https://firebaseapphosting.googleapis.com/v1beta/projects/ecosystem-hub/locations/-/backends 200
[debug] [2026-03-10T15:21:34.681Z] <<< [apiv2][body] GET https://firebaseapphosting.googleapis.com/v1beta/projects/ecosystem-hub/locations/-/backends {}
[debug] [2026-03-10T15:21:40.962Z] TypeError: Cannot read properties of undefined (reading 'name')
    at /nix/store/gm9mcvzb17vv8cla08khrg29vxn3sq4r-firebase-tools-15.1.0/lib/node_modules/firebase-tools/node_modules/@inquirer/checkbox/dist/commonjs/index.js:51:29
    at Array.map (<anonymous>)
    at normalizeChoices (/nix/store/gm9mcvzb17vv8cla08khrg29vxn3sq4r-firebase-tools-15.1.0/lib/node_modules/firebase-tools/node_modules/@inquirer/checkbox/dist/commonjs/index.js:39:20)
    at /nix/store/gm9mcvzb17vv8cla08khrg29vxn3sq4r-firebase-tools-15.1.0/lib/node_modules/firebase-tools/node_modules/@inquirer/checkbox/dist/commonjs/index.js:69:52
    at /nix/store/gm9mcvzb17vv8cla08khrg29vxn3sq4r-firebase-tools-15.1.0/lib/node_modules/firebase-tools/node_modules/@inquirer/core/dist/commonjs/lib/create-prompt.js:113:38
    at store.handleChange (/nix/store/gm9mcvzb17vv8cla08khrg29vxn3sq4r-firebase-tools-15.1.0/lib/node_modules/firebase-tools/node_modules/@inquirer/core/dist/commonjs/lib/hook-engine.js:31:17)
    at cycle (/nix/store/gm9mcvzb17vv8cla08khrg29vxn3sq4r-firebase-tools-15.1.0/lib/node_modules/firebase-tools/node_modules/@inquirer/core/dist/commonjs/lib/hook-engine.js:33:19)
    at /nix/store/gm9mcvzb17vv8cla08khrg29vxn3sq4r-firebase-tools-15.1.0/lib/node_modules/firebase-tools/node_modules/@inquirer/core/dist/commonjs/lib/create-prompt.js:111:13
    at /nix/store/gm9mcvzb17vv8cla08khrg29vxn3sq4r-firebase-tools-15.1.0/lib/node_modules/firebase-tools/node_modules/@inquirer/core/dist/commonjs/lib/hook-engine.js:35:16
    at AsyncLocalStorage.run (node:async_hooks:346:14)
[error] 
[error] Error: An unexpected error has occurred.
